<?xml version="1.0" encoding="UTF-8"?>
<coverage generated="1685657176990" clover="3.2.0">
  <project timestamp="1685657176991" name="All files">
    <metrics statements="38" coveredstatements="33" conditionals="18" coveredconditionals="15" methods="16" coveredmethods="13" elements="72" coveredelements="61" complexity="0" loc="38" ncloc="38" packages="2" files="5" classes="5"/>
    <package name="src">
      <metrics statements="29" coveredstatements="24" conditionals="18" coveredconditionals="15" methods="8" coveredmethods="5"/>
      <file name="CreatePost.jsx" path="D:\vite\client\src\CreatePost.jsx">
        <metrics statements="15" coveredstatements="12" conditionals="6" coveredconditionals="5" methods="3" coveredmethods="2"/>
        <line num="6" count="1" type="stmt"/>
        <line num="7" count="4" type="stmt"/>
        <line num="8" count="4" type="stmt"/>
        <line num="10" count="4" type="stmt"/>
        <line num="12" count="4" type="stmt"/>
        <line num="15" count="0" type="stmt"/>
        <line num="16" count="0" type="stmt"/>
        <line num="17" count="0" type="stmt"/>
        <line num="21" count="4" type="stmt"/>
        <line num="22" count="1" type="stmt"/>
        <line num="23" count="1" type="stmt"/>
        <line num="24" count="1" type="stmt"/>
        <line num="30" count="4" type="cond" truecount="2" falsecount="0"/>
        <line num="31" count="3" type="cond" truecount="2" falsecount="0"/>
        <line num="33" count="2" type="stmt"/>
      </file>
      <file name="Post.jsx" path="D:\vite\client\src\Post.jsx">
        <metrics statements="8" coveredstatements="6" conditionals="8" coveredconditionals="6" methods="3" coveredmethods="1"/>
        <line num="6" count="2" type="stmt"/>
        <line num="7" count="3" type="stmt"/>
        <line num="9" count="0" type="stmt"/>
        <line num="12" count="3" type="stmt"/>
        <line num="15" count="0" type="stmt"/>
        <line num="18" count="3" type="cond" truecount="2" falsecount="0"/>
        <line num="19" count="2" type="cond" truecount="2" falsecount="0"/>
        <line num="21" count="1" type="stmt"/>
      </file>
      <file name="PostsList1.jsx" path="D:\vite\client\src\PostsList1.jsx">
        <metrics statements="6" coveredstatements="6" conditionals="4" coveredconditionals="4" methods="2" coveredmethods="2"/>
        <line num="4" count="1" type="stmt"/>
        <line num="5" count="3" type="stmt"/>
        <line num="9" count="3" type="cond" truecount="2" falsecount="0"/>
        <line num="10" count="2" type="cond" truecount="2" falsecount="0"/>
        <line num="11" count="1" type="stmt"/>
        <line num="16" count="2" type="stmt"/>
      </file>
    </package>
    <package name="src.api">
      <metrics statements="9" coveredstatements="9" conditionals="0" coveredconditionals="0" methods="8" coveredmethods="8"/>
      <file name="posts.js" path="D:\vite\client\src\api\posts.js">
        <metrics statements="7" coveredstatements="7" conditionals="0" coveredconditionals="0" methods="6" coveredmethods="6"/>
        <line num="2" count="2" type="stmt"/>
        <line num="3" count="1" type="stmt"/>
        <line num="6" count="2" type="stmt"/>
        <line num="7" count="1" type="stmt"/>
        <line num="10" count="2" type="stmt"/>
        <line num="11" count="2" type="stmt"/>
        <line num="18" count="1" type="stmt"/>
      </file>
      <file name="users.js" path="D:\vite\client\src\api\users.js">
        <metrics statements="2" coveredstatements="2" conditionals="0" coveredconditionals="0" methods="2" coveredmethods="2"/>
        <line num="3" count="3" type="stmt"/>
        <line num="4" count="1" type="stmt"/>
      </file>
    </package>
  </project>
</coverage>
