{"D:\\vite\\client\\src\\CreatePost.jsx": {"path":"D:\\vite\\client\\src\\CreatePost.jsx","statementMap":{"0":{"start":{"line":6,"column":19},"end":{"line":51,"column":1}},"1":{"start":{"line":7,"column":19},"end":{"line":7,"column":27}},"2":{"start":{"line":8,"column":18},"end":{"line":8,"column":26}},"3":{"start":{"line":10,"column":22},"end":{"line":10,"column":38}},"4":{"start":{"line":12,"column":29},"end":{"line":19,"column":4}},"5":{"start":{"line":15,"column":6},"end":{"line":15,"column":57}},"6":{"start":{"line":16,"column":6},"end":{"line":16,"column":64}},"7":{"start":{"line":17,"column":6},"end":{"line":17,"column":44}},"8":{"start":{"line":21,"column":23},"end":{"line":28,"column":3}},"9":{"start":{"line":22,"column":4},"end":{"line":22,"column":25}},"10":{"start":{"line":23,"column":4},"end":{"line":23,"column":23}},"11":{"start":{"line":24,"column":4},"end":{"line":27,"column":7}},"12":{"start":{"line":30,"column":2},"end":{"line":30,"column":64}},"13":{"start":{"line":30,"column":36},"end":{"line":30,"column":64}},"14":{"start":{"line":31,"column":2},"end":{"line":31,"column":60}},"15":{"start":{"line":31,"column":34},"end":{"line":31,"column":60}},"16":{"start":{"line":33,"column":2},"end":{"line":50,"column":4}}},"fnMap":{"0":{"name":"(anonymous_0)","decl":{"start":{"line":6,"column":19},"end":{"line":6,"column":20}},"loc":{"start":{"line":6,"column":43},"end":{"line":51,"column":1}},"line":6},"1":{"name":"(anonymous_1)","decl":{"start":{"line":14,"column":15},"end":{"line":14,"column":16}},"loc":{"start":{"line":14,"column":25},"end":{"line":18,"column":5}},"line":14},"2":{"name":"(anonymous_2)","decl":{"start":{"line":21,"column":23},"end":{"line":21,"column":24}},"loc":{"start":{"line":21,"column":30},"end":{"line":28,"column":3}},"line":21}},"branchMap":{"0":{"loc":{"start":{"line":30,"column":2},"end":{"line":30,"column":64}},"type":"if","locations":[{"start":{"line":30,"column":2},"end":{"line":30,"column":64}},{"start":{},"end":{}}],"line":30},"1":{"loc":{"start":{"line":31,"column":2},"end":{"line":31,"column":60}},"type":"if","locations":[{"start":{"line":31,"column":2},"end":{"line":31,"column":60}},{"start":{},"end":{}}],"line":31},"2":{"loc":{"start":{"line":47,"column":9},"end":{"line":47,"column":60}},"type":"cond-expr","locations":[{"start":{"line":47,"column":40},"end":{"line":47,"column":49}},{"start":{"line":47,"column":52},"end":{"line":47,"column":60}}],"line":47}},"s":{"0":1,"1":4,"2":4,"3":4,"4":4,"5":0,"6":0,"7":0,"8":4,"9":1,"10":1,"11":1,"12":4,"13":1,"14":3,"15":1,"16":2},"f":{"0":4,"1":0,"2":1},"b":{"0":[1,3],"1":[1,2],"2":[0,2]},"_coverageSchema":"1a1c01bbd47fc00a2c39e90264f33305004495a9","hash":"ccd6bf841933a4029341154cd0e8ca086a4e404a"}
,"D:\\vite\\client\\src\\Post.jsx": {"path":"D:\\vite\\client\\src\\Post.jsx","statementMap":{"0":{"start":{"line":6,"column":13},"end":{"line":34,"column":1}},"1":{"start":{"line":7,"column":20},"end":{"line":10,"column":4}},"2":{"start":{"line":9,"column":19},"end":{"line":9,"column":30}},"3":{"start":{"line":12,"column":20},"end":{"line":16,"column":4}},"4":{"start":{"line":15,"column":19},"end":{"line":15,"column":49}},"5":{"start":{"line":18,"column":2},"end":{"line":18,"column":55}},"6":{"start":{"line":18,"column":27},"end":{"line":18,"column":55}},"7":{"start":{"line":19,"column":2},"end":{"line":19,"column":51}},"8":{"start":{"line":19,"column":25},"end":{"line":19,"column":51}},"9":{"start":{"line":21,"column":2},"end":{"line":33,"column":4}}},"fnMap":{"0":{"name":"(anonymous_0)","decl":{"start":{"line":6,"column":13},"end":{"line":6,"column":14}},"loc":{"start":{"line":6,"column":25},"end":{"line":34,"column":1}},"line":6},"1":{"name":"(anonymous_1)","decl":{"start":{"line":9,"column":13},"end":{"line":9,"column":14}},"loc":{"start":{"line":9,"column":19},"end":{"line":9,"column":30}},"line":9},"2":{"name":"(anonymous_2)","decl":{"start":{"line":15,"column":13},"end":{"line":15,"column":14}},"loc":{"start":{"line":15,"column":19},"end":{"line":15,"column":49}},"line":15}},"branchMap":{"0":{"loc":{"start":{"line":18,"column":2},"end":{"line":18,"column":55}},"type":"if","locations":[{"start":{"line":18,"column":2},"end":{"line":18,"column":55}},{"start":{},"end":{}}],"line":18},"1":{"loc":{"start":{"line":19,"column":2},"end":{"line":19,"column":51}},"type":"if","locations":[{"start":{"line":19,"column":2},"end":{"line":19,"column":51}},{"start":{},"end":{}}],"line":19},"2":{"loc":{"start":{"line":25,"column":9},"end":{"line":29,"column":31}},"type":"cond-expr","locations":[{"start":{"line":26,"column":12},"end":{"line":26,"column":25}},{"start":{"line":27,"column":12},"end":{"line":29,"column":31}}],"line":25},"3":{"loc":{"start":{"line":27,"column":12},"end":{"line":29,"column":31}},"type":"cond-expr","locations":[{"start":{"line":28,"column":12},"end":{"line":28,"column":23}},{"start":{"line":29,"column":12},"end":{"line":29,"column":31}}],"line":27}},"s":{"0":2,"1":3,"2":0,"3":3,"4":0,"5":3,"6":1,"7":2,"8":1,"9":1},"f":{"0":3,"1":0,"2":0},"b":{"0":[1,2],"1":[1,1],"2":[0,1],"3":[0,1]},"_coverageSchema":"1a1c01bbd47fc00a2c39e90264f33305004495a9","hash":"16e32df6a791a05ee78db6dfe304a476bbc0225a"}
,"D:\\vite\\client\\src\\PostsList1.jsx": {"path":"D:\\vite\\client\\src\\PostsList1.jsx","statementMap":{"0":{"start":{"line":4,"column":19},"end":{"line":21,"column":1}},"1":{"start":{"line":5,"column":20},"end":{"line":8,"column":4}},"2":{"start":{"line":9,"column":2},"end":{"line":9,"column":55}},"3":{"start":{"line":9,"column":27},"end":{"line":9,"column":55}},"4":{"start":{"line":10,"column":2},"end":{"line":10,"column":51}},"5":{"start":{"line":10,"column":25},"end":{"line":10,"column":51}},"6":{"start":{"line":11,"column":2},"end":{"line":20,"column":4}},"7":{"start":{"line":16,"column":10},"end":{"line":16,"column":43}}},"fnMap":{"0":{"name":"(anonymous_0)","decl":{"start":{"line":4,"column":19},"end":{"line":4,"column":20}},"loc":{"start":{"line":4,"column":25},"end":{"line":21,"column":1}},"line":4},"1":{"name":"(anonymous_1)","decl":{"start":{"line":15,"column":28},"end":{"line":15,"column":29}},"loc":{"start":{"line":16,"column":10},"end":{"line":16,"column":43}},"line":16}},"branchMap":{"0":{"loc":{"start":{"line":9,"column":2},"end":{"line":9,"column":55}},"type":"if","locations":[{"start":{"line":9,"column":2},"end":{"line":9,"column":55}},{"start":{},"end":{}}],"line":9},"1":{"loc":{"start":{"line":10,"column":2},"end":{"line":10,"column":51}},"type":"if","locations":[{"start":{"line":10,"column":2},"end":{"line":10,"column":51}},{"start":{},"end":{}}],"line":10}},"s":{"0":1,"1":3,"2":3,"3":1,"4":2,"5":1,"6":1,"7":2},"f":{"0":3,"1":2},"b":{"0":[1,2],"1":[1,1]},"_coverageSchema":"1a1c01bbd47fc00a2c39e90264f33305004495a9","hash":"0a3ab8276c2c22bfd5c9686f697e2624037fb150"}
,"D:\\vite\\client\\src\\api\\posts.js": {"path":"D:\\vite\\client\\src\\api\\posts.js","statementMap":{"0":{"start":{"line":2,"column":24},"end":{"line":4,"column":1}},"1":{"start":{"line":3,"column":2},"end":{"line":3,"column":74}},"2":{"start":{"line":3,"column":64},"end":{"line":3,"column":72}},"3":{"start":{"line":6,"column":23},"end":{"line":8,"column":1}},"4":{"start":{"line":7,"column":2},"end":{"line":7,"column":80}},"5":{"start":{"line":7,"column":70},"end":{"line":7,"column":78}},"6":{"start":{"line":10,"column":26},"end":{"line":19,"column":1}},"7":{"start":{"line":11,"column":2},"end":{"line":18,"column":29}},"8":{"start":{"line":18,"column":19},"end":{"line":18,"column":27}}},"fnMap":{"0":{"name":"(anonymous_0)","decl":{"start":{"line":2,"column":24},"end":{"line":2,"column":25}},"loc":{"start":{"line":2,"column":30},"end":{"line":4,"column":1}},"line":2},"1":{"name":"(anonymous_1)","decl":{"start":{"line":3,"column":55},"end":{"line":3,"column":56}},"loc":{"start":{"line":3,"column":64},"end":{"line":3,"column":72}},"line":3},"2":{"name":"(anonymous_2)","decl":{"start":{"line":6,"column":23},"end":{"line":6,"column":24}},"loc":{"start":{"line":6,"column":31},"end":{"line":8,"column":1}},"line":6},"3":{"name":"(anonymous_3)","decl":{"start":{"line":7,"column":61},"end":{"line":7,"column":62}},"loc":{"start":{"line":7,"column":70},"end":{"line":7,"column":78}},"line":7},"4":{"name":"(anonymous_4)","decl":{"start":{"line":10,"column":26},"end":{"line":10,"column":27}},"loc":{"start":{"line":10,"column":47},"end":{"line":19,"column":1}},"line":10},"5":{"name":"(anonymous_5)","decl":{"start":{"line":18,"column":10},"end":{"line":18,"column":11}},"loc":{"start":{"line":18,"column":19},"end":{"line":18,"column":27}},"line":18}},"branchMap":{},"s":{"0":2,"1":1,"2":1,"3":2,"4":1,"5":1,"6":2,"7":2,"8":1},"f":{"0":1,"1":1,"2":1,"3":1,"4":2,"5":1},"b":{},"_coverageSchema":"1a1c01bbd47fc00a2c39e90264f33305004495a9","hash":"a231477492598e94ed00f812fa9dea7c1be1e3a3"}
,"D:\\vite\\client\\src\\api\\users.js": {"path":"D:\\vite\\client\\src\\api\\users.js","statementMap":{"0":{"start":{"line":3,"column":21},"end":{"line":5,"column":1}},"1":{"start":{"line":4,"column":4},"end":{"line":4,"column":77}},"2":{"start":{"line":4,"column":68},"end":{"line":4,"column":76}}},"fnMap":{"0":{"name":"(anonymous_0)","decl":{"start":{"line":3,"column":21},"end":{"line":3,"column":22}},"loc":{"start":{"line":3,"column":27},"end":{"line":5,"column":1}},"line":3},"1":{"name":"(anonymous_1)","decl":{"start":{"line":4,"column":63},"end":{"line":4,"column":64}},"loc":{"start":{"line":4,"column":68},"end":{"line":4,"column":76}},"line":4}},"branchMap":{},"s":{"0":3,"1":1,"2":1},"f":{"0":1,"1":1},"b":{},"_coverageSchema":"1a1c01bbd47fc00a2c39e90264f33305004495a9","hash":"a9b64e45b49c36957c11c1cb88a60b00e84e51c4"}
}
