TN:
SF:src\CreatePost.jsx
FN:6,(anonymous_0)
FN:14,(anonymous_1)
FN:21,(anonymous_2)
FNF:3
FNH:2
FNDA:4,(anonymous_0)
FNDA:0,(anonymous_1)
FNDA:1,(anonymous_2)
DA:6,1
DA:7,4
DA:8,4
DA:10,4
DA:12,4
DA:15,0
DA:16,0
DA:17,0
DA:21,4
DA:22,1
DA:23,1
DA:24,1
DA:30,4
DA:31,3
DA:33,2
LF:15
LH:12
BRDA:30,0,0,1
BRDA:30,0,1,3
BRDA:31,1,0,1
BRDA:31,1,1,2
BRDA:47,2,0,0
BRDA:47,2,1,2
BRF:6
BRH:5
end_of_record
TN:
SF:src\Post.jsx
FN:6,(anonymous_0)
FN:9,(anonymous_1)
FN:15,(anonymous_2)
FNF:3
FNH:1
FNDA:3,(anonymous_0)
FNDA:0,(anonymous_1)
FNDA:0,(anonymous_2)
DA:6,2
DA:7,3
DA:9,0
DA:12,3
DA:15,0
DA:18,3
DA:19,2
DA:21,1
LF:8
LH:6
BRDA:18,0,0,1
BRDA:18,0,1,2
BRDA:19,1,0,1
BRDA:19,1,1,1
BRDA:25,2,0,0
BRDA:25,2,1,1
BRDA:27,3,0,0
BRDA:27,3,1,1
BRF:8
BRH:6
end_of_record
TN:
SF:src\PostsList1.jsx
FN:4,(anonymous_0)
FN:15,(anonymous_1)
FNF:2
FNH:2
FNDA:3,(anonymous_0)
FNDA:2,(anonymous_1)
DA:4,1
DA:5,3
DA:9,3
DA:10,2
DA:11,1
DA:16,2
LF:6
LH:6
BRDA:9,0,0,1
BRDA:9,0,1,2
BRDA:10,1,0,1
BRDA:10,1,1,1
BRF:4
BRH:4
end_of_record
TN:
SF:src\api\posts.js
FN:2,(anonymous_0)
FN:3,(anonymous_1)
FN:6,(anonymous_2)
FN:7,(anonymous_3)
FN:10,(anonymous_4)
FN:18,(anonymous_5)
FNF:6
FNH:6
FNDA:1,(anonymous_0)
FNDA:1,(anonymous_1)
FNDA:1,(anonymous_2)
FNDA:1,(anonymous_3)
FNDA:2,(anonymous_4)
FNDA:1,(anonymous_5)
DA:2,2
DA:3,1
DA:6,2
DA:7,1
DA:10,2
DA:11,2
DA:18,1
LF:7
LH:7
BRF:0
BRH:0
end_of_record
TN:
SF:src\api\users.js
FN:3,(anonymous_0)
FN:4,(anonymous_1)
FNF:2
FNH:2
FNDA:1,(anonymous_0)
FNDA:1,(anonymous_1)
DA:3,3
DA:4,1
LF:2
LH:2
BRF:0
BRH:0
end_of_record
